#
# There is insufficient memory for the Java Runtime Environment to continue.
# Native memory allocation (malloc) failed to allocate 38576 bytes for Chunk::new
# Possible reasons:
#   The system is out of physical RAM or swap space
#   The process is running with CompressedOops enabled, and the Java Heap may be blocking the growth of the native heap
# Possible solutions:
#   Reduce memory load on the system
#   Increase physical memory or swap space
#   Check if swap backing store is full
#   Decrease Java heap size (-Xmx/-Xms)
#   Decrease number of Java threads
#   Decrease Java thread stack sizes (-Xss)
#   Set larger code cache with -XX:ReservedCodeCacheSize=
#   JVM is running with Unscaled Compressed Oops mode in which the Java heap is
#     placed in the first 4GB address space. The Java Heap base address is the
#     maximum limit for the native heap growth. Please use -XX:HeapBaseMinAddress
#     to set the Java Heap base and to place the Java Heap above 4GB virtual address.
# This output file may be truncated or incomplete.
#
#  Out of Memory Error (t:/workspace/open/src/hotspot/share/memory/arena.cpp:197), pid=8344, tid=2944
#
# JRE version: Java(TM) SE Runtime Environment (12.0.2+10) (build 12.0.2+10)
# Java VM: Java HotSpot(TM) 64-Bit Server VM (12.0.2+10, mixed mode, sharing, tiered, compressed oops, g1 gc, windows-amd64)
# No core dump will be written. Minidumps are not enabled by default on client versions of Windows
#

---------------  S U M M A R Y ------------

Command Line: -Dorg.jetbrains.run.directory=D:\EthSwitch\Automation\Recon\src\test\resources -javaagent:C:\Program Files\JetBrains\IntelliJ IDEA Community Edition 2021.2.2\lib\idea_rt.jar=60452:C:\Program Files\JetBrains\IntelliJ IDEA Community Edition 2021.2.2\bin -Dfile.encoding=UTF-8 io.cucumber.core.cli.Main --plugin org.jetbrains.plugins.cucumber.java.run.CucumberJvm4SMFormatter --name ^Automatic Reconciliation page integrity with mandatory data$ --glue stepDef D:/EthSwitch/Automation/Recon/src/test/resources/automaticReconciliation.feature

Host: Intel(R) Core(TM) i5-10210U CPU @ 1.60GHz, 8 cores, 7G,  Windows 10 , 64 bit Build 22000 (10.0.22000.434)
Time: Wed Nov 23 16:33:59 2022 E. Africa Standard Time elapsed time: 10 seconds (0d 0h 0m 10s)

---------------  T H R E A D  ---------------

Current thread (0x000001f5e288c800):  JavaThread "C2 CompilerThread0" daemon [_thread_in_native, id=2944, stack(0x000000a5ab000000,0x000000a5ab100000)]


Current CompileTask:
C2:  10077 2149  s    4       java.io.BufferedOutputStream::write (35 bytes)

Stack: [0x000000a5ab000000,0x000000a5ab100000]
Native frames: (J=compiled Java code, j=interpreted, Vv=VM code, C=native code)
V  [jvm.dll+0x63aa2a]
V  [jvm.dll+0x78ce1e]
V  [jvm.dll+0x78e4c1]
V  [jvm.dll+0x78eb13]
V  [jvm.dll+0x2627e8]
V  [jvm.dll+0xc55cc]
V  [jvm.dll+0xc5b4c]
V  [jvm.dll+0x37a677]
V  [jvm.dll+0x3463d3]
V  [jvm.dll+0x34579a]
V  [jvm.dll+0x21c205]
V  [jvm.dll+0x21b3da]
V  [jvm.dll+0x199a20]
V  [jvm.dll+0x22a744]
V  [jvm.dll+0x228d98]
V  [jvm.dll+0x7512a0]
V  [jvm.dll+0x74a2c8]
V  [jvm.dll+0x639b16]
C  [ucrtbase.dll+0x26c0c]
C  [KERNEL32.DLL+0x154e0]
C  [ntdll.dll+0x485b]


---------------  P R O C E S S  ---------------

Threads class SMR info:
_java_thread_list=0x000001f5e4e8b440, length=21, elements={
0x000001f5c3ca6800, 0x000001f5e2870800, 0x000001f5e2872800, 0x000001f5e2889800,
0x000001f5e288a800, 0x000001f5e288c800, 0x000001f5e2893800, 0x000001f5e2897800,
0x000001f5e32ab800, 0x000001f5e35b8800, 0x000001f5e35b9800, 0x000001f5e4307800,
0x000001f5e42ee800, 0x000001f5e4abd800, 0x000001f5e4f02000, 0x000001f5e3ec2000,
0x000001f5e51d4800, 0x000001f5e4ad6000, 0x000001f5e4ad3800, 0x000001f5e4ad7000,
0x000001f5e4ad2000
}

Java Threads: ( => current thread )
  0x000001f5c3ca6800 JavaThread "Forwarding newSession on session null to remote" [_thread_blocked, id=2964, stack(0x000000a5aa500000,0x000000a5aa600000)]
  0x000001f5e2870800 JavaThread "Reference Handler" daemon [_thread_blocked, id=5140, stack(0x000000a5aac00000,0x000000a5aad00000)]
  0x000001f5e2872800 JavaThread "Finalizer" daemon [_thread_blocked, id=8980, stack(0x000000a5aad00000,0x000000a5aae00000)]
  0x000001f5e2889800 JavaThread "Signal Dispatcher" daemon [_thread_blocked, id=6996, stack(0x000000a5aae00000,0x000000a5aaf00000)]
  0x000001f5e288a800 JavaThread "Attach Listener" daemon [_thread_blocked, id=6728, stack(0x000000a5aaf00000,0x000000a5ab000000)]
=>0x000001f5e288c800 JavaThread "C2 CompilerThread0" daemon [_thread_in_native, id=2944, stack(0x000000a5ab000000,0x000000a5ab100000)]
  0x000001f5e2893800 JavaThread "C1 CompilerThread0" daemon [_thread_blocked, id=1244, stack(0x000000a5ab100000,0x000000a5ab200000)]
  0x000001f5e2897800 JavaThread "Sweeper thread" daemon [_thread_blocked, id=6524, stack(0x000000a5ab200000,0x000000a5ab300000)]
  0x000001f5e32ab800 JavaThread "Common-Cleaner" daemon [_thread_blocked, id=10884, stack(0x000000a5ab300000,0x000000a5ab400000)]
  0x000001f5e35b8800 JavaThread "Monitor Ctrl-Break" daemon [_thread_in_native, id=6576, stack(0x000000a5ab500000,0x000000a5ab600000)]
  0x000001f5e35b9800 JavaThread "Service Thread" daemon [_thread_blocked, id=6100, stack(0x000000a5ab600000,0x000000a5ab700000)]
  0x000001f5e4307800 JavaThread "ForkJoinPool.commonPool-worker-3" daemon [_thread_blocked, id=7788, stack(0x000000a5abb00000,0x000000a5abc00000)]
  0x000001f5e42ee800 JavaThread "AsyncHttpClient-1-1" daemon [_thread_blocked, id=10804, stack(0x000000a5abc00000,0x000000a5abd00000)]
  0x000001f5e4abd800 JavaThread "ForkJoinPool.commonPool-worker-5" daemon [_thread_blocked, id=7644, stack(0x000000a5abd00000,0x000000a5abe00000)]
  0x000001f5e4f02000 JavaThread "ForkJoinPool.commonPool-worker-7" daemon [_thread_blocked, id=8212, stack(0x000000a5abe00000,0x000000a5abf00000)]
  0x000001f5e3ec2000 JavaThread "Exec Default Executor" daemon [_thread_in_native, id=6956, stack(0x000000a5abf00000,0x000000a5ac000000)]
  0x000001f5e51d4800 JavaThread "Driver Service Executor" daemon [_thread_blocked, id=7004, stack(0x000000a5ac000000,0x000000a5ac100000)]
  0x000001f5e4ad6000 JavaThread "Driver Service Executor" daemon [_thread_blocked, id=5552, stack(0x000000a5ac100000,0x000000a5ac200000)]
  0x000001f5e4ad3800 JavaThread "Exec Stream Pumper" daemon [_thread_in_native, id=4544, stack(0x000000a5ac300000,0x000000a5ac400000)]
  0x000001f5e4ad7000 JavaThread "Exec Stream Pumper" daemon [_thread_in_native, id=6964, stack(0x000000a5ac400000,0x000000a5ac500000)]
  0x000001f5e4ad2000 JavaThread "AsyncHttpClient-1-2" daemon [_thread_in_native, id=9192, stack(0x000000a5ab400000,0x000000a5ab500000)]

Other Threads:
  0x000001f5e286d800 VMThread "VM Thread" [stack: 0x000000a5aab00000,0x000000a5aac00000] [id=7412]
  0x000001f5e3698000 WatcherThread [stack: 0x000000a5ab700000,0x000000a5ab800000] [id=5768]
  0x000001f5c3ce2000 GCTaskThread "GC Thread#0" [stack: 0x000000a5aa600000,0x000000a5aa700000] [id=9928]
  0x000001f5e45ca800 GCTaskThread "GC Thread#1" [stack: 0x000000a5ab900000,0x000000a5aba00000] [id=7112]
  0x000001f5e410e800 GCTaskThread "GC Thread#2" [stack: 0x000000a5aba00000,0x000000a5abb00000] [id=5496]
  0x000001f5c3cf0800 ConcurrentGCThread "G1 Main Marker" [stack: 0x000000a5aa700000,0x000000a5aa800000] [id=8216]
  0x000001f5c3cf5000 ConcurrentGCThread "G1 Conc#0" [stack: 0x000000a5aa800000,0x000000a5aa900000] [id=6444]
  0x000001f5c3d6d800 ConcurrentGCThread "G1 Refine#0" [stack: 0x000000a5aa900000,0x000000a5aaa00000] [id=3124]
  0x000001f5c3d6e800 ConcurrentGCThread "G1 Young RemSet Sampling" [stack: 0x000000a5aaa00000,0x000000a5aab00000] [id=3752]

Threads with active compile tasks:
C2 CompilerThread0  2149  s    4       java.io.BufferedOutputStream::write (35 bytes)

VM state:not at safepoint (normal execution)

VM Mutex/Monitor currently owned by a thread: None

Heap address: 0x0000000083000000, size: 2000 MB, Compressed Oops mode: 32-bit
Narrow klass base: 0x0000000800000000, Narrow klass shift: 3
Compressed class space size: 1073741824 Address: 0x0000000801190000

Heap:
 garbage-first heap   total 129024K, used 43864K [0x0000000083000000, 0x0000000100000000)
  region size 1024K, 35 young (35840K), 9 survivors (9216K)
 Metaspace       used 18776K, capacity 19384K, committed 19584K, reserved 1067008K
  class space    used 2381K, capacity 2613K, committed 2688K, reserved 1048576K
Heap Regions: E=young(eden), S=young(survivor), O=old, HS=humongous(starts), HC=humongous(continues), CS=collection set, F=free, A=archive, TAMS=top-at-mark-start (previous, next)
|   0|0x0000000083000000, 0x0000000083100000, 0x0000000083100000|100%|HS|  |TAMS 0x0000000083000000, 0x0000000083000000| Complete 
|   1|0x0000000083100000, 0x0000000083200000, 0x0000000083200000|100%| O|  |TAMS 0x0000000083100000, 0x0000000083100000| Untracked 
|   2|0x0000000083200000, 0x0000000083300000, 0x0000000083300000|100%| O|  |TAMS 0x0000000083200000, 0x0000000083200000| Untracked 
|   3|0x0000000083300000, 0x0000000083400000, 0x0000000083400000|100%| O|  |TAMS 0x0000000083300000, 0x0000000083300000| Untracked 
|   4|0x0000000083400000, 0x0000000083447c00, 0x0000000083500000| 28%| O|  |TAMS 0x0000000083400000, 0x0000000083400000| Untracked 
|   5|0x0000000083500000, 0x0000000083600000, 0x0000000083600000|100%|HS|  |TAMS 0x0000000083500000, 0x0000000083500000| Complete 
|   6|0x0000000083600000, 0x0000000083700000, 0x0000000083700000|100%|HC|  |TAMS 0x0000000083600000, 0x0000000083600000| Complete 
|   7|0x0000000083700000, 0x0000000083800000, 0x0000000083800000|100%|HC|  |TAMS 0x0000000083700000, 0x0000000083700000| Complete 
|   8|0x0000000083800000, 0x0000000083900000, 0x0000000083900000|100%|HC|  |TAMS 0x0000000083800000, 0x0000000083800000| Complete 
|   9|0x0000000083900000, 0x0000000083a00000, 0x0000000083a00000|100%|HC|  |TAMS 0x0000000083900000, 0x0000000083900000| Complete 
|  10|0x0000000083a00000, 0x0000000083a00000, 0x0000000083b00000|  0%| F|  |TAMS 0x0000000083a00000, 0x0000000083a00000| Untracked 
|  11|0x0000000083b00000, 0x0000000083b00000, 0x0000000083c00000|  0%| F|  |TAMS 0x0000000083b00000, 0x0000000083b00000| Untracked 
|  12|0x0000000083c00000, 0x0000000083c00000, 0x0000000083d00000|  0%| F|  |TAMS 0x0000000083c00000, 0x0000000083c00000| Untracked 
|  13|0x0000000083d00000, 0x0000000083d00000, 0x0000000083e00000|  0%| F|  |TAMS 0x0000000083d00000, 0x0000000083d00000| Untracked 
|  14|0x0000000083e00000, 0x0000000083e00000, 0x0000000083f00000|  0%| F|  |TAMS 0x0000000083e00000, 0x0000000083e00000| Untracked 
|  15|0x0000000083f00000, 0x0000000083f00000, 0x0000000084000000|  0%| F|  |TAMS 0x0000000083f00000, 0x0000000083f00000| Untracked 
|  16|0x0000000084000000, 0x0000000084000000, 0x0000000084100000|  0%| F|  |TAMS 0x0000000084000000, 0x0000000084000000| Untracked 
|  17|0x0000000084100000, 0x0000000084100000, 0x0000000084200000|  0%| F|  |TAMS 0x0000000084100000, 0x0000000084100000| Untracked 
|  18|0x0000000084200000, 0x0000000084200000, 0x0000000084300000|  0%| F|  |TAMS 0x0000000084200000, 0x0000000084200000| Untracked 
|  19|0x0000000084300000, 0x0000000084300000, 0x0000000084400000|  0%| F|  |TAMS 0x0000000084300000, 0x0000000084300000| Untracked 
|  20|0x0000000084400000, 0x0000000084400000, 0x0000000084500000|  0%| F|  |TAMS 0x0000000084400000, 0x0000000084400000| Untracked 
|  21|0x0000000084500000, 0x0000000084500000, 0x0000000084600000|  0%| F|  |TAMS 0x0000000084500000, 0x0000000084500000| Untracked 
|  22|0x0000000084600000, 0x0000000084600000, 0x0000000084700000|  0%| F|  |TAMS 0x0000000084600000, 0x0000000084600000| Untracked 
|  23|0x0000000084700000, 0x0000000084700000, 0x0000000084800000|  0%| F|  |TAMS 0x0000000084700000, 0x0000000084700000| Untracked 
|  24|0x0000000084800000, 0x0000000084800000, 0x0000000084900000|  0%| F|  |TAMS 0x0000000084800000, 0x0000000084800000| Untracked 
|  25|0x0000000084900000, 0x0000000084900000, 0x0000000084a00000|  0%| F|  |TAMS 0x0000000084900000, 0x0000000084900000| Untracked 
|  26|0x0000000084a00000, 0x0000000084a00000, 0x0000000084b00000|  0%| F|  |TAMS 0x0000000084a00000, 0x0000000084a00000| Untracked 
|  27|0x0000000084b00000, 0x0000000084b00000, 0x0000000084c00000|  0%| F|  |TAMS 0x0000000084b00000, 0x0000000084b00000| Untracked 
|  28|0x0000000084c00000, 0x0000000084c00000, 0x0000000084d00000|  0%| F|  |TAMS 0x0000000084c00000, 0x0000000084c00000| Untracked 
|  29|0x0000000084d00000, 0x0000000084d00000, 0x0000000084e00000|  0%| F|  |TAMS 0x0000000084d00000, 0x0000000084d00000| Untracked 
|  30|0x0000000084e00000, 0x0000000084e00000, 0x0000000084f00000|  0%| F|  |TAMS 0x0000000084e00000, 0x0000000084e00000| Untracked 
|  31|0x0000000084f00000, 0x0000000084f00000, 0x0000000085000000|  0%| F|  |TAMS 0x0000000084f00000, 0x0000000084f00000| Untracked 
|  32|0x0000000085000000, 0x0000000085000000, 0x0000000085100000|  0%| F|  |TAMS 0x0000000085000000, 0x0000000085000000| Untracked 
|  33|0x0000000085100000, 0x0000000085100000, 0x0000000085200000|  0%| F|  |TAMS 0x0000000085100000, 0x0000000085100000| Untracked 
|  34|0x0000000085200000, 0x0000000085200000, 0x0000000085300000|  0%| F|  |TAMS 0x0000000085200000, 0x0000000085200000| Untracked 
|  35|0x0000000085300000, 0x0000000085300000, 0x0000000085400000|  0%| F|  |TAMS 0x0000000085300000, 0x0000000085300000| Untracked 
|  36|0x0000000085400000, 0x0000000085400000, 0x0000000085500000|  0%| F|  |TAMS 0x0000000085400000, 0x0000000085400000| Untracked 
|  37|0x0000000085500000, 0x0000000085500000, 0x0000000085600000|  0%| F|  |TAMS 0x0000000085500000, 0x0000000085500000| Untracked 
|  38|0x0000000085600000, 0x0000000085600000, 0x0000000085700000|  0%| F|  |TAMS 0x0000000085600000, 0x0000000085600000| Untracked 
|  39|0x0000000085700000, 0x0000000085700000, 0x0000000085800000|  0%| F|  |TAMS 0x0000000085700000, 0x0000000085700000| Untracked 
|  40|0x0000000085800000, 0x0000000085800000, 0x0000000085900000|  0%| F|  |TAMS 0x0000000085800000, 0x0000000085800000| Untracked 
|  41|0x0000000085900000, 0x0000000085900000, 0x0000000085a00000|  0%| F|  |TAMS 0x0000000085900000, 0x0000000085900000| Untracked 
|  42|0x0000000085a00000, 0x0000000085a8e780, 0x0000000085b00000| 55%| S|CS|TAMS 0x0000000085a00000, 0x0000000085a00000| Complete 
|  43|0x0000000085b00000, 0x0000000085c00000, 0x0000000085c00000|100%| S|CS|TAMS 0x0000000085b00000, 0x0000000085b00000| Complete 
|  44|0x0000000085c00000, 0x0000000085d00000, 0x0000000085d00000|100%| S|CS|TAMS 0x0000000085c00000, 0x0000000085c00000| Complete 
|  45|0x0000000085d00000, 0x0000000085e00000, 0x0000000085e00000|100%| S|CS|TAMS 0x0000000085d00000, 0x0000000085d00000| Complete 
|  46|0x0000000085e00000, 0x0000000085f00000, 0x0000000085f00000|100%| S|CS|TAMS 0x0000000085e00000, 0x0000000085e00000| Complete 
|  47|0x0000000085f00000, 0x0000000086000000, 0x0000000086000000|100%| S|CS|TAMS 0x0000000085f00000, 0x0000000085f00000| Complete 
|  48|0x0000000086000000, 0x0000000086100000, 0x0000000086100000|100%| S|CS|TAMS 0x0000000086000000, 0x0000000086000000| Complete 
|  49|0x0000000086100000, 0x0000000086200000, 0x0000000086200000|100%| S|CS|TAMS 0x0000000086100000, 0x0000000086100000| Complete 
|  50|0x0000000086200000, 0x0000000086300000, 0x0000000086300000|100%| S|CS|TAMS 0x0000000086200000, 0x0000000086200000| Complete 
|  51|0x0000000086300000, 0x0000000086300000, 0x0000000086400000|  0%| F|  |TAMS 0x0000000086300000, 0x0000000086300000| Untracked 
|  52|0x0000000086400000, 0x0000000086400000, 0x0000000086500000|  0%| F|  |TAMS 0x0000000086400000, 0x0000000086400000| Untracked 
|  53|0x0000000086500000, 0x0000000086500000, 0x0000000086600000|  0%| F|  |TAMS 0x0000000086500000, 0x0000000086500000| Untracked 
|  54|0x0000000086600000, 0x0000000086600000, 0x0000000086700000|  0%| F|  |TAMS 0x0000000086600000, 0x0000000086600000| Untracked 
|  55|0x0000000086700000, 0x0000000086700000, 0x0000000086800000|  0%| F|  |TAMS 0x0000000086700000, 0x0000000086700000| Untracked 
|  56|0x0000000086800000, 0x0000000086800000, 0x0000000086900000|  0%| F|  |TAMS 0x0000000086800000, 0x0000000086800000| Untracked 
|  57|0x0000000086900000, 0x0000000086900000, 0x0000000086a00000|  0%| F|  |TAMS 0x0000000086900000, 0x0000000086900000| Untracked 
|  58|0x0000000086a00000, 0x0000000086a00000, 0x0000000086b00000|  0%| F|  |TAMS 0x0000000086a00000, 0x0000000086a00000| Untracked 
|  59|0x0000000086b00000, 0x0000000086b00000, 0x0000000086c00000|  0%| F|  |TAMS 0x0000000086b00000, 0x0000000086b00000| Untracked 
|  60|0x0000000086c00000, 0x0000000086c00000, 0x0000000086d00000|  0%| F|  |TAMS 0x0000000086c00000, 0x0000000086c00000| Untracked 
|  61|0x0000000086d00000, 0x0000000086d00000, 0x0000000086e00000|  0%| F|  |TAMS 0x0000000086d00000, 0x0000000086d00000| Untracked 
|  62|0x0000000086e00000, 0x0000000086e00000, 0x0000000086f00000|  0%| F|  |TAMS 0x0000000086e00000, 0x0000000086e00000| Untracked 
|  63|0x0000000086f00000, 0x0000000086f00000, 0x0000000087000000|  0%| F|  |TAMS 0x0000000086f00000, 0x0000000086f00000| Untracked 
|  64|0x0000000087000000, 0x0000000087000000, 0x0000000087100000|  0%| F|  |TAMS 0x0000000087000000, 0x0000000087000000| Untracked 
|  65|0x0000000087100000, 0x0000000087100000, 0x0000000087200000|  0%| F|  |TAMS 0x0000000087100000, 0x0000000087100000| Untracked 
|  66|0x0000000087200000, 0x0000000087200000, 0x0000000087300000|  0%| F|  |TAMS 0x0000000087200000, 0x0000000087200000| Untracked 
|  67|0x0000000087300000, 0x0000000087300000, 0x0000000087400000|  0%| F|  |TAMS 0x0000000087300000, 0x0000000087300000| Untracked 
|  68|0x0000000087400000, 0x0000000087400000, 0x0000000087500000|  0%| F|  |TAMS 0x0000000087400000, 0x0000000087400000| Untracked 
|  69|0x0000000087500000, 0x0000000087500000, 0x0000000087600000|  0%| F|  |TAMS 0x0000000087500000, 0x0000000087500000| Untracked 
|  70|0x0000000087600000, 0x0000000087600000, 0x0000000087700000|  0%| F|  |TAMS 0x0000000087600000, 0x0000000087600000| Untracked 
|  71|0x0000000087700000, 0x0000000087700000, 0x0000000087800000|  0%| F|  |TAMS 0x0000000087700000, 0x0000000087700000| Untracked 
|  72|0x0000000087800000, 0x0000000087800000, 0x0000000087900000|  0%| F|  |TAMS 0x0000000087800000, 0x0000000087800000| Untracked 
|  73|0x0000000087900000, 0x0000000087900000, 0x0000000087a00000|  0%| F|  |TAMS 0x0000000087900000, 0x0000000087900000| Untracked 
|  74|0x0000000087a00000, 0x0000000087a00000, 0x0000000087b00000|  0%| F|  |TAMS 0x0000000087a00000, 0x0000000087a00000| Untracked 
|  75|0x0000000087b00000, 0x0000000087b00000, 0x0000000087c00000|  0%| F|  |TAMS 0x0000000087b00000, 0x0000000087b00000| Untracked 
|  76|0x0000000087c00000, 0x0000000087c00000, 0x0000000087d00000|  0%| F|  |TAMS 0x0000000087c00000, 0x0000000087c00000| Untracked 
|  77|0x0000000087d00000, 0x0000000087d00000, 0x0000000087e00000|  0%| F|  |TAMS 0x0000000087d00000, 0x0000000087d00000| Untracked 
|  78|0x0000000087e00000, 0x0000000087e00000, 0x0000000087f00000|  0%| F|  |TAMS 0x0000000087e00000, 0x0000000087e00000| Untracked 
|  79|0x0000000087f00000, 0x0000000087f00000, 0x0000000088000000|  0%| F|  |TAMS 0x0000000087f00000, 0x0000000087f00000| Untracked 
|  80|0x0000000088000000, 0x0000000088000000, 0x0000000088100000|  0%| F|  |TAMS 0x0000000088000000, 0x0000000088000000| Untracked 
|  81|0x0000000088100000, 0x0000000088100000, 0x0000000088200000|  0%| F|  |TAMS 0x0000000088100000, 0x0000000088100000| Untracked 
|  82|0x0000000088200000, 0x0000000088200000, 0x0000000088300000|  0%| F|  |TAMS 0x0000000088200000, 0x0000000088200000| Untracked 
|  83|0x0000000088300000, 0x0000000088300000, 0x0000000088400000|  0%| F|  |TAMS 0x0000000088300000, 0x0000000088300000| Untracked 
|  84|0x0000000088400000, 0x0000000088400000, 0x0000000088500000|  0%| F|  |TAMS 0x0000000088400000, 0x0000000088400000| Untracked 
|  85|0x0000000088500000, 0x0000000088500000, 0x0000000088600000|  0%| F|  |TAMS 0x0000000088500000, 0x0000000088500000| Untracked 
|  86|0x0000000088600000, 0x0000000088600000, 0x0000000088700000|  0%| F|  |TAMS 0x0000000088600000, 0x0000000088600000| Untracked 
|  87|0x0000000088700000, 0x0000000088700000, 0x0000000088800000|  0%| F|  |TAMS 0x0000000088700000, 0x0000000088700000| Untracked 
|  88|0x0000000088800000, 0x0000000088800000, 0x0000000088900000|  0%| F|  |TAMS 0x0000000088800000, 0x0000000088800000| Untracked 
|  89|0x0000000088900000, 0x0000000088900000, 0x0000000088a00000|  0%| F|  |TAMS 0x0000000088900000, 0x0000000088900000| Untracked 
|  90|0x0000000088a00000, 0x0000000088a00000, 0x0000000088b00000|  0%| F|  |TAMS 0x0000000088a00000, 0x0000000088a00000| Untracked 
|  91|0x0000000088b00000, 0x0000000088b00000, 0x0000000088c00000|  0%| F|  |TAMS 0x0000000088b00000, 0x0000000088b00000| Untracked 
|  92|0x0000000088c00000, 0x0000000088c00000, 0x0000000088d00000|  0%| F|  |TAMS 0x0000000088c00000, 0x0000000088c00000| Untracked 
|  93|0x0000000088d00000, 0x0000000088d00000, 0x0000000088e00000|  0%| F|  |TAMS 0x0000000088d00000, 0x0000000088d00000| Untracked 
|  94|0x0000000088e00000, 0x0000000088e00000, 0x0000000088f00000|  0%| F|  |TAMS 0x0000000088e00000, 0x0000000088e00000| Untracked 
|  95|0x0000000088f00000, 0x0000000088f00000, 0x0000000089000000|  0%| F|  |TAMS 0x0000000088f00000, 0x0000000088f00000| Untracked 
|  96|0x0000000089000000, 0x0000000089000000, 0x0000000089100000|  0%| F|  |TAMS 0x0000000089000000, 0x0000000089000000| Untracked 
|  97|0x0000000089100000, 0x0000000089100000, 0x0000000089200000|  0%| F|  |TAMS 0x0000000089100000, 0x0000000089100000| Untracked 
|  98|0x0000000089200000, 0x0000000089200000, 0x0000000089300000|  0%| F|  |TAMS 0x0000000089200000, 0x0000000089200000| Untracked 
|  99|0x0000000089300000, 0x0000000089300000, 0x0000000089400000|  0%| F|  |TAMS 0x0000000089300000, 0x0000000089300000| Untracked 
| 100|0x0000000089400000, 0x0000000089454fe8, 0x0000000089500000| 33%| E|  |TAMS 0x0000000089400000, 0x0000000089400000| Complete 
| 101|0x0000000089500000, 0x0000000089600000, 0x0000000089600000|100%| E|CS|TAMS 0x0000000089500000, 0x0000000089500000| Complete 
| 102|0x0000000089600000, 0x0000000089700000, 0x0000000089700000|100%| E|CS|TAMS 0x0000000089600000, 0x0000000089600000| Complete 
| 103|0x0000000089700000, 0x0000000089800000, 0x0000000089800000|100%| E|CS|TAMS 0x0000000089700000, 0x0000000089700000| Complete 
| 104|0x0000000089800000, 0x0000000089900000, 0x0000000089900000|100%| E|CS|TAMS 0x0000000089800000, 0x0000000089800000| Complete 
| 105|0x0000000089900000, 0x0000000089a00000, 0x0000000089a00000|100%| E|CS|TAMS 0x0000000089900000, 0x0000000089900000| Complete 
| 106|0x0000000089a00000, 0x0000000089b00000, 0x0000000089b00000|100%| E|CS|TAMS 0x0000000089a00000, 0x0000000089a00000| Complete 
| 107|0x0000000089b00000, 0x0000000089c00000, 0x0000000089c00000|100%| E|CS|TAMS 0x0000000089b00000, 0x0000000089b00000| Complete 
| 108|0x0000000089c00000, 0x0000000089d00000, 0x0000000089d00000|100%| E|CS|TAMS 0x0000000089c00000, 0x0000000089c00000| Complete 
| 109|0x0000000089d00000, 0x0000000089e00000, 0x0000000089e00000|100%| E|CS|TAMS 0x0000000089d00000, 0x0000000089d00000| Complete 
| 110|0x0000000089e00000, 0x0000000089f00000, 0x0000000089f00000|100%| E|CS|TAMS 0x0000000089e00000, 0x0000000089e00000| Complete 
| 111|0x0000000089f00000, 0x000000008a000000, 0x000000008a000000|100%| E|CS|TAMS 0x0000000089f00000, 0x0000000089f00000| Complete 
| 112|0x000000008a000000, 0x000000008a100000, 0x000000008a100000|100%| E|CS|TAMS 0x000000008a000000, 0x000000008a000000| Complete 
| 113|0x000000008a100000, 0x000000008a200000, 0x000000008a200000|100%| E|CS|TAMS 0x000000008a100000, 0x000000008a100000| Complete 
| 114|0x000000008a200000, 0x000000008a300000, 0x000000008a300000|100%| E|CS|TAMS 0x000000008a200000, 0x000000008a200000| Complete 
| 115|0x000000008a300000, 0x000000008a400000, 0x000000008a400000|100%| E|CS|TAMS 0x000000008a300000, 0x000000008a300000| Complete 
| 116|0x000000008a400000, 0x000000008a500000, 0x000000008a500000|100%| E|CS|TAMS 0x000000008a400000, 0x000000008a400000| Complete 
| 117|0x000000008a500000, 0x000000008a600000, 0x000000008a600000|100%| E|CS|TAMS 0x000000008a500000, 0x000000008a500000| Complete 
| 118|0x000000008a600000, 0x000000008a700000, 0x000000008a700000|100%| E|CS|TAMS 0x000000008a600000, 0x000000008a600000| Complete 
| 119|0x000000008a700000, 0x000000008a800000, 0x000000008a800000|100%| E|CS|TAMS 0x000000008a700000, 0x000000008a700000| Complete 
| 120|0x000000008a800000, 0x000000008a900000, 0x000000008a900000|100%| E|CS|TAMS 0x000000008a800000, 0x000000008a800000| Complete 
| 121|0x000000008a900000, 0x000000008aa00000, 0x000000008aa00000|100%| E|CS|TAMS 0x000000008a900000, 0x000000008a900000| Complete 
| 122|0x000000008aa00000, 0x000000008ab00000, 0x000000008ab00000|100%| E|CS|TAMS 0x000000008aa00000, 0x000000008aa00000| Complete 
| 123|0x000000008ab00000, 0x000000008ac00000, 0x000000008ac00000|100%| E|CS|TAMS 0x000000008ab00000, 0x000000008ab00000| Complete 
| 124|0x000000008ac00000, 0x000000008ad00000, 0x000000008ad00000|100%| E|CS|TAMS 0x000000008ac00000, 0x000000008ac00000| Complete 
| 125|0x000000008ad00000, 0x000000008ae00000, 0x000000008ae00000|100%| E|CS|TAMS 0x000000008ad00000, 0x000000008ad00000| Complete 

Card table byte_map: [0x000001f5db7c0000,0x000001f5dbbb0000] _byte_map_base: 0x000001f5db3a8000

Marking Bits (Prev, Next): (CMBitMap*) 0x000001f5c3ce3148, (CMBitMap*) 0x000001f5c3ce3188
 Prev Bits: [0x000001f5dbfa0000, 0x000001f5ddee0000)
 Next Bits: [0x000001f5ddee0000, 0x000001f5dfe20000)

Polling page: 0x000001f5c1cb0000

Metaspace:

Usage:
  Non-class:     16.38 MB capacity,    16.01 MB ( 98%) used,   316.45 KB (  2%) free+waste,    59.31 KB ( <1%) overhead. 
      Class:      2.55 MB capacity,     2.33 MB ( 91%) used,   201.33 KB (  8%) free+waste,    30.13 KB (  1%) overhead. 
       Both:     18.93 MB capacity,    18.34 MB ( 97%) used,   517.77 KB (  3%) free+waste,    89.44 KB ( <1%) overhead. 

Virtual space:
  Non-class space:       18.00 MB reserved,      16.50 MB ( 92%) committed 
      Class space:        1.00 GB reserved,       2.63 MB ( <1%) committed 
             Both:        1.02 GB reserved,      19.13 MB (  2%) committed 

Chunk freelists:
   Non-Class:  7.63 KB
       Class:  1.38 KB
        Both:  9.00 KB

CodeHeap 'non-profiled nmethods': size=120000Kb used=1035Kb max_used=1035Kb free=118964Kb
 bounds [0x000001f5d3b70000, 0x000001f5d3de0000, 0x000001f5db0a0000]
CodeHeap 'profiled nmethods': size=120000Kb used=4573Kb max_used=4573Kb free=115426Kb
 bounds [0x000001f5cc640000, 0x000001f5ccac0000, 0x000001f5d3b70000]
CodeHeap 'non-nmethods': size=5760Kb used=1193Kb max_used=1218Kb free=4566Kb
 bounds [0x000001f5cc0a0000, 0x000001f5cc310000, 0x000001f5cc640000]
 total_blobs=3241 nmethods=2149 adapters=440
 compilation: enabled
              stopped_count=0, restarted_count=0
 full_count=0

Compilation events (10 events):
Event: 9.928 Thread 0x000001f5e2893800 nmethod 2145 0x000001f5ccab5590 code [0x000001f5ccab5760, 0x000001f5ccab5910]
Event: 9.929 Thread 0x000001f5e288c800 2147  s    4       org.openqa.selenium.io.CircularOutputStream::write (87 bytes)
Event: 9.929 Thread 0x000001f5e2893800 2148       3       java.io.BufferedInputStream::fill (236 bytes)
Event: 9.930 Thread 0x000001f5e2893800 nmethod 2148 0x000001f5ccab5990 code [0x000001f5ccab5c20, 0x000001f5ccab68b0]
Event: 9.930 Thread 0x000001f5e288c800 nmethod 2147 0x000001f5d3c71790 code [0x000001f5d3c71940, 0x000001f5d3c71bf8]
Event: 9.931 Thread 0x000001f5e288c800 2150       4       org.openqa.selenium.io.MultiOutputStream::write (24 bytes)
Event: 9.932 Thread 0x000001f5e2893800 2152       3       java.io.OutputStream::write (34 bytes)
Event: 9.932 Thread 0x000001f5e2893800 nmethod 2152 0x000001f5ccab6b90 code [0x000001f5ccab6d80, 0x000001f5ccab7280]
Event: 9.938 Thread 0x000001f5e288c800 nmethod 2150 0x000001f5d3c71d10 code [0x000001f5d3c71f20, 0x000001f5d3c729c8]
Event: 9.938 Thread 0x000001f5e288c800 2149  s    4       java.io.BufferedOutputStream::write (35 bytes)

GC Heap History (4 events):
Event: 0.517 GC heap before
{Heap before GC invocations=0 (full 0):
 garbage-first heap   total 129024K, used 24576K [0x0000000083000000, 0x0000000100000000)
  region size 1024K, 24 young (24576K), 0 survivors (0K)
 Metaspace       used 3561K, capacity 6262K, committed 6400K, reserved 1056768K
  class space    used 399K, capacity 682K, committed 768K, reserved 1048576K
}
Event: 0.523 GC heap after
{Heap after GC invocations=1 (full 0):
 garbage-first heap   total 129024K, used 7455K [0x0000000083000000, 0x0000000100000000)
  region size 1024K, 3 young (3072K), 3 survivors (3072K)
 Metaspace       used 3561K, capacity 6262K, committed 6400K, reserved 1056768K
  class space    used 399K, capacity 682K, committed 768K, reserved 1048576K
}
Event: 1.445 GC heap before
{Heap before GC invocations=1 (full 0):
 garbage-first heap   total 129024K, used 81183K [0x0000000083000000, 0x0000000100000000)
  region size 1024K, 75 young (76800K), 3 survivors (3072K)
 Metaspace       used 15360K, capacity 15913K, committed 16000K, reserved 1062912K
  class space    used 1900K, capacity 2089K, committed 2176K, reserved 1048576K
}
Event: 1.452 GC heap after
{Heap after GC invocations=2 (full 0):
 garbage-first heap   total 129024K, used 13144K [0x0000000083000000, 0x0000000100000000)
  region size 1024K, 9 young (9216K), 9 survivors (9216K)
 Metaspace       used 15360K, capacity 15913K, committed 16000K, reserved 1062912K
  class space    used 1900K, capacity 2089K, committed 2176K, reserved 1048576K
}

Deoptimization events (10 events):
Event: 1.103 Thread 0x000001f5c3ca6800 Uncommon trap: reason=bimorphic_or_optimized_type_check action=maybe_recompile pc=0x000001f5d3c09cac method=java.util.regex.Pattern$Begin.match(Ljava/util/regex/Matcher;ILjava/lang/CharSequence;)Z @ 30 c2
Event: 1.104 Thread 0x000001f5c3ca6800 Uncommon trap: reason=bimorphic_or_optimized_type_check action=maybe_recompile pc=0x000001f5d3c0ca24 method=java.net.URL.<init>(Ljava/net/URL;Ljava/lang/String;Ljava/net/URLStreamHandler;)V @ 504 c2
Event: 1.132 Thread 0x000001f5c3ca6800 Uncommon trap: reason=bimorphic_or_optimized_type_check action=maybe_recompile pc=0x000001f5d3c2a808 method=java.util.HashMap.putVal(ILjava/lang/Object;Ljava/lang/Object;ZZ)Ljava/lang/Object; @ 91 c2
Event: 1.132 Thread 0x000001f5c3ca6800 Uncommon trap: reason=bimorphic_or_optimized_type_check action=maybe_recompile pc=0x000001f5d3c2a808 method=java.util.HashMap.putVal(ILjava/lang/Object;Ljava/lang/Object;ZZ)Ljava/lang/Object; @ 91 c2
Event: 1.443 Thread 0x000001f5c3ca6800 Uncommon trap: reason=unstable_if action=reinterpret pc=0x000001f5d3bd0fc4 method=java.lang.String.replace(CC)Ljava/lang/String; @ 2 c2
Event: 1.566 Thread 0x000001f5e51d4800 Uncommon trap: reason=unstable_if action=reinterpret pc=0x000001f5d3c258ec method=java.lang.CharacterDataLatin1.digit(II)I @ 12 c2
Event: 2.078 Thread 0x000001f5c3ca6800 Uncommon trap: reason=unstable_if action=reinterpret pc=0x000001f5d3c050bc method=sun.reflect.generics.parser.SignatureParser.skipIdentifier()V @ 44 c2
Event: 2.119 Thread 0x000001f5c3ca6800 Uncommon trap: reason=unstable_if action=reinterpret pc=0x000001f5d3c3d9dc method=java.io.ByteArrayInputStream.read([BII)I @ 35 c2
Event: 2.119 Thread 0x000001f5c3ca6800 Uncommon trap: reason=unstable_if action=reinterpret pc=0x000001f5d3bfdab0 method=java.lang.CharacterDataLatin1.isWhitespace(I)Z @ 14 c2
Event: 2.318 Thread 0x000001f5c3ca6800 Uncommon trap: reason=unstable_if action=reinterpret pc=0x000001f5d3c251f4 method=java.lang.CharacterDataLatin1.digit(II)I @ 12 c2

Classes redefined (0 events):
No events

Internal exceptions (10 events):
Event: 1.569 Thread 0x000001f5e3ec2000 Exception <a 'java/lang/NoSuchMethodError'{0x000000008adb08f8}: java.lang.invoke.Invokers$Holder.linkToTargetMethod(Ljava/lang/Object;JLjava/lang/Object;)Ljava/lang/Object;> (0x000000008adb08f8) thrown at [t:/workspace/open/src/hotspot/share/interpreter/l
Event: 2.080 Thread 0x000001f5c3ca6800 Exception <a 'java/lang/NoSuchMethodError'{0x000000008ab56eb8}: java.lang.invoke.DirectMethodHandle$Holder.invokeVirtual(Ljava/lang/Object;Ljava/lang/Object;)I> (0x000000008ab56eb8) thrown at [t:/workspace/open/src/hotspot/share/interpreter/linkResolver.c
Event: 2.081 Thread 0x000001f5c3ca6800 Exception <a 'java/lang/NoSuchMethodError'{0x000000008ab5c560}: java.lang.invoke.DirectMethodHandle$Holder.invokeVirtual(Ljava/lang/Object;Ljava/lang/Object;)D> (0x000000008ab5c560) thrown at [t:/workspace/open/src/hotspot/share/interpreter/linkResolver.c
Event: 2.081 Thread 0x000001f5c3ca6800 Exception <a 'java/lang/NoSuchMethodError'{0x000000008ab61e30}: java.lang.invoke.DirectMethodHandle$Holder.invokeVirtual(Ljava/lang/Object;Ljava/lang/Object;)F> (0x000000008ab61e30) thrown at [t:/workspace/open/src/hotspot/share/interpreter/linkResolver.c
Event: 2.082 Thread 0x000001f5c3ca6800 Exception <a 'java/lang/NoSuchMethodError'{0x000000008ab69960}: java.lang.invoke.DirectMethodHandle$Holder.invokeVirtual(Ljava/lang/Object;Ljava/lang/Object;)J> (0x000000008ab69960) thrown at [t:/workspace/open/src/hotspot/share/interpreter/linkResolver.c
Event: 2.099 Thread 0x000001f5c3ca6800 Exception <a 'java/lang/NoSuchMethodError'{0x000000008a93ddb0}: java.lang.invoke.DirectMethodHandle$Holder.invokeSpecial(Ljava/lang/Object;Ljava/lang/Object;Ljava/lang/Object;Ljava/lang/Object;Ljava/lang/Object;)V> (0x000000008a93ddb0) thrown at [t:/works
Event: 2.113 Thread 0x000001f5c3ca6800 Exception <a 'java/lang/NoSuchMethodError'{0x000000008a943fd8}: java.lang.invoke.DirectMethodHandle$Holder.invokeStatic(Ljava/lang/Object;Ljava/lang/Object;I)V> (0x000000008a943fd8) thrown at [t:/workspace/open/src/hotspot/share/interpreter/linkResolver.c
Event: 2.199 Thread 0x000001f5c3ca6800 Exception <a 'java/lang/NoSuchMethodError'{0x000000008a7f7ff0}: java.lang.invoke.DirectMethodHandle$Holder.invokeSpecialIFC(Ljava/lang/Object;Ljava/lang/Object;Ljava/lang/Object;)I> (0x000000008a7f7ff0) thrown at [t:/workspace/open/src/hotspot/share/inter
Event: 2.277 Thread 0x000001f5c3ca6800 Exception <a 'java/lang/NoSuchMethodError'{0x000000008a5dccb8}: java.lang.invoke.DirectMethodHandle$Holder.invokeStatic(Ljava/lang/Object;Ljava/lang/Object;Ljava/lang/Object;Ljava/lang/Object;)V> (0x000000008a5dccb8) thrown at [t:/workspace/open/src/hotsp
Event: 2.321 Thread 0x000001f5c3ca6800 Exception <a 'java/lang/NoSuchMethodError'{0x000000008a055728}: java.lang.invoke.DirectMethodHandle$Holder.invokeSpecial(Ljava/lang/Object;Ljava/lang/Object;Ljava/lang/Object;Ljava/lang/Object;Ljava/lang/Object;Ljava/lang/Object;)V> (0x000000008a055728) t

Events (10 events):
Event: 2.635 loading class sun/nio/ch/IOVecWrapper
Event: 2.635 loading class sun/nio/ch/IOVecWrapper done
Event: 2.635 loading class sun/nio/ch/IOVecWrapper$Deallocator
Event: 2.635 loading class sun/nio/ch/IOVecWrapper$Deallocator done
Event: 2.635 loading class io/netty/util/internal/PromiseNotificationUtil
Event: 2.635 loading class io/netty/util/internal/PromiseNotificationUtil done
Event: 2.635 loading class org/asynchttpclient/AsyncHandler$State
Event: 2.635 loading class org/asynchttpclient/AsyncHandler$State done
Event: 6.288 Executing VM operation: RevokeBias
Event: 6.288 Executing VM operation: RevokeBias done


Dynamic libraries:
0x00007ff6eed40000 - 0x00007ff6eed4f000 	C:\Program Files\Java\jdk-12.0.2\bin\java.exe
0x00007ffeb7f40000 - 0x00007ffeb8149000 	C:\Windows\SYSTEM32\ntdll.dll
0x00007ffeb7620000 - 0x00007ffeb76dd000 	C:\Windows\System32\KERNEL32.DLL
0x00007ffeb5660000 - 0x00007ffeb59d4000 	C:\Windows\System32\KERNELBASE.dll
0x00007ffeb5540000 - 0x00007ffeb5651000 	C:\Windows\System32\ucrtbase.dll
0x00007ffeaa1a0000 - 0x00007ffeaa1b8000 	C:\Program Files\Java\jdk-12.0.2\bin\jli.dll
0x00007ffeadd00000 - 0x00007ffeadd16000 	C:\Program Files\Java\jdk-12.0.2\bin\VCRUNTIME140.dll
0x00007ffeb7bb0000 - 0x00007ffeb7c5e000 	C:\Windows\System32\ADVAPI32.dll
0x00007ffeb76e0000 - 0x00007ffeb7783000 	C:\Windows\System32\msvcrt.dll
0x00007ffeb6f60000 - 0x00007ffeb6ffe000 	C:\Windows\System32\sechost.dll
0x00007ffeb7de0000 - 0x00007ffeb7f00000 	C:\Windows\System32\RPCRT4.dll
0x00007ffeb7820000 - 0x00007ffeb79cc000 	C:\Windows\System32\USER32.dll
0x00007ffe99b50000 - 0x00007ffe99df5000 	C:\Windows\WinSxS\amd64_microsoft.windows.common-controls_6595b64144ccf1df_6.0.22000.120_none_9d947278b86cc467\COMCTL32.dll
0x00007ffeb5cf0000 - 0x00007ffeb5d16000 	C:\Windows\System32\win32u.dll
0x00007ffeb6530000 - 0x00007ffeb6559000 	C:\Windows\System32\GDI32.dll
0x00007ffeb5bd0000 - 0x00007ffeb5ce2000 	C:\Windows\System32\gdi32full.dll
0x00007ffeb54a0000 - 0x00007ffeb553d000 	C:\Windows\System32\msvcp_win.dll
0x00007ffeafbd0000 - 0x00007ffeafbda000 	C:\Windows\SYSTEM32\VERSION.dll
0x00007ffeb7da0000 - 0x00007ffeb7dd1000 	C:\Windows\System32\IMM32.DLL
0x00007ffe9db00000 - 0x00007ffe9dbaa000 	C:\Program Files\Java\jdk-12.0.2\bin\msvcp140.dll
0x00007ffe6f910000 - 0x00007ffe70487000 	C:\Program Files\Java\jdk-12.0.2\bin\server\jvm.dll
0x00007ffeb7180000 - 0x00007ffeb7188000 	C:\Windows\System32\PSAPI.DLL
0x00007ffeb0590000 - 0x00007ffeb0599000 	C:\Windows\SYSTEM32\WSOCK32.dll
0x00007ffeaee20000 - 0x00007ffeaee53000 	C:\Windows\SYSTEM32\WINMM.dll
0x00007ffeb79d0000 - 0x00007ffeb7a3f000 	C:\Windows\System32\WS2_32.dll
0x00007ffeb3f20000 - 0x00007ffeb3f38000 	C:\Windows\SYSTEM32\kernel.appcore.dll
0x00007ffea7bc0000 - 0x00007ffea7bd1000 	C:\Program Files\Java\jdk-12.0.2\bin\verify.dll
0x00007ffeb3160000 - 0x00007ffeb3381000 	C:\Windows\SYSTEM32\DBGHELP.DLL
0x00007ffeab2b0000 - 0x00007ffeab2e1000 	C:\Windows\SYSTEM32\dbgcore.DLL
0x00007ffeb5b50000 - 0x00007ffeb5bcf000 	C:\Windows\System32\bcryptPrimitives.dll
0x00007ffea7b90000 - 0x00007ffea7bb6000 	C:\Program Files\Java\jdk-12.0.2\bin\java.dll
0x00007ffeac350000 - 0x00007ffeac35e000 	C:\Program Files\Java\jdk-12.0.2\bin\instrument.dll
0x00007ffea6930000 - 0x00007ffea6947000 	C:\Program Files\Java\jdk-12.0.2\bin\zip.dll
0x00007ffeb05e0000 - 0x00007ffeb05ea000 	C:\Program Files\Java\jdk-12.0.2\bin\jimage.dll
0x00007ffeb6750000 - 0x00007ffeb6efe000 	C:\Windows\System32\SHELL32.dll
0x00007ffeb3590000 - 0x00007ffeb3df7000 	C:\Windows\SYSTEM32\windows.storage.dll
0x00007ffeb61b0000 - 0x00007ffeb6528000 	C:\Windows\System32\combase.dll
0x00007ffeb3390000 - 0x00007ffeb34f6000 	C:\Windows\SYSTEM32\wintypes.dll
0x00007ffeb7a40000 - 0x00007ffeb7b2a000 	C:\Windows\System32\SHCORE.dll
0x00007ffeb6150000 - 0x00007ffeb61ad000 	C:\Windows\System32\shlwapi.dll
0x00007ffeb5360000 - 0x00007ffeb5381000 	C:\Windows\SYSTEM32\profapi.dll
0x00007ffea6910000 - 0x00007ffea6929000 	C:\Program Files\Java\jdk-12.0.2\bin\net.dll
0x00007ffeaec60000 - 0x00007ffeaed6c000 	C:\Windows\SYSTEM32\WINHTTP.dll
0x00007ffeaf120000 - 0x00007ffeaf30e000 	C:\Windows\SYSTEM32\urlmon.dll
0x00007ffeaee60000 - 0x00007ffeaf112000 	C:\Windows\SYSTEM32\iertutil.dll
0x00007ffeaf7e0000 - 0x00007ffeaf808000 	C:\Windows\SYSTEM32\srvcli.dll
0x00007ffeb4140000 - 0x00007ffeb414c000 	C:\Windows\SYSTEM32\netutils.dll
0x00007ffeb4960000 - 0x00007ffeb49c7000 	C:\Windows\system32\mswsock.dll
0x00007ffe9dae0000 - 0x00007ffe9daf3000 	C:\Program Files\Java\jdk-12.0.2\bin\nio.dll
0x00007ffea9710000 - 0x00007ffea972a000 	C:\Program Files\JetBrains\IntelliJ IDEA Community Edition 2021.2.2\bin\breakgen64.dll
0x00007ffeb4240000 - 0x00007ffeb4327000 	C:\Windows\SYSTEM32\DNSAPI.dll
0x00007ffeb41c0000 - 0x00007ffeb41ed000 	C:\Windows\SYSTEM32\IPHLPAPI.DLL
0x00007ffeb7790000 - 0x00007ffeb7799000 	C:\Windows\System32\NSI.dll
0x00007ffeaf310000 - 0x00007ffeaf31a000 	C:\Windows\System32\rasadhlp.dll
0x00007ffead6b0000 - 0x00007ffead731000 	C:\Windows\System32\fwpuclnt.dll
0x00007ffeb05a0000 - 0x00007ffeb05a9000 	C:\Program Files\Java\jdk-12.0.2\bin\management.dll
0x00007ffeaa190000 - 0x00007ffeaa19c000 	C:\Program Files\Java\jdk-12.0.2\bin\management_ext.dll
0x00007ffeadcd0000 - 0x00007ffeadcf7000 	C:\Program Files\Java\jdk-12.0.2\bin\sunec.dll
0x00007ffeb4ba0000 - 0x00007ffeb4bb8000 	C:\Windows\SYSTEM32\CRYPTSP.dll
0x00007ffeb45b0000 - 0x00007ffeb45e5000 	C:\Windows\system32\rsaenh.dll
0x00007ffeb4a50000 - 0x00007ffeb4a79000 	C:\Windows\SYSTEM32\USERENV.dll
0x00007ffeb4d20000 - 0x00007ffeb4d47000 	C:\Windows\SYSTEM32\bcrypt.dll
0x00007ffeb4bc0000 - 0x00007ffeb4bcc000 	C:\Windows\SYSTEM32\CRYPTBASE.dll
0x00007ffeaeb80000 - 0x00007ffeaeb99000 	C:\Windows\SYSTEM32\dhcpcsvc6.DLL
0x00007ffeafba0000 - 0x00007ffeafbbe000 	C:\Windows\SYSTEM32\dhcpcsvc.DLL
0x00007ffeadc70000 - 0x00007ffeadc87000 	C:\Windows\system32\napinsp.dll
0x00007ffead750000 - 0x00007ffead76b000 	C:\Windows\system32\pnrpnsp.dll
0x00007ffeac380000 - 0x00007ffeac392000 	C:\Windows\System32\winrnr.dll
0x00007ffead400000 - 0x00007ffead415000 	C:\Windows\system32\wshbth.dll
0x00007ffeb2270000 - 0x00007ffeb228f000 	C:\Windows\system32\nlansp_c.dll

dbghelp: loaded successfully - version: 4.0.5 - missing functions: none
symbol engine: initialized successfully - sym options: 0x614 - pdb path: .;C:\Program Files\Java\jdk-12.0.2\bin;C:\Windows\SYSTEM32;C:\Windows\WinSxS\amd64_microsoft.windows.common-controls_6595b64144ccf1df_6.0.22000.120_none_9d947278b86cc467;C:\Program Files\Java\jdk-12.0.2\bin\server;C:\Program Files\JetBrains\IntelliJ IDEA Community Edition 2021.2.2\bin

VM Arguments:
jvm_args: -Dorg.jetbrains.run.directory=D:\EthSwitch\Automation\Recon\src\test\resources -javaagent:C:\Program Files\JetBrains\IntelliJ IDEA Community Edition 2021.2.2\lib\idea_rt.jar=60452:C:\Program Files\JetBrains\IntelliJ IDEA Community Edition 2021.2.2\bin -Dfile.encoding=UTF-8 
java_command: io.cucumber.core.cli.Main --plugin org.jetbrains.plugins.cucumber.java.run.CucumberJvm4SMFormatter --name ^Automatic Reconciliation page integrity with mandatory data$ --glue stepDef D:/EthSwitch/Automation/Recon/src/test/resources/automaticReconciliation.feature
java_class_path (initial): D:\EthSwitch\Automation\Recon\build\classes\java\test;D:\EthSwitch\Automation\Recon\build\resources\test;C:\Users\Admin\.gradle\caches\modules-2\files-2.1\org.seleniumhq.selenium\selenium-java\4.3.0\550078b46a63f32a8fb4ba17ced4c35e04c71dc2\selenium-java-4.3.0.jar;C:\Users\Admin\.gradle\caches\modules-2\files-2.1\io.cucumber\cucumber-testng\4.8.0\3281a0ad718852ae45da1888f81b5b2883f9bf0\cucumber-testng-4.8.0.jar;C:\Users\Admin\.gradle\caches\modules-2\files-2.1\org.testng\testng\6.14.3\d24515dc253e77e54b73df97e1fb2eb7faf34fdd\testng-6.14.3.jar;C:\Users\Admin\.gradle\caches\modules-2\files-2.1\org.apache.poi\poi-ooxml\3.9\bbe83c739d22eecfacd06d7e0b99ba13277040ed\poi-ooxml-3.9.jar;C:\Users\Admin\.gradle\caches\modules-2\files-2.1\io.cucumber\cucumber-picocontainer\4.8.0\c068a9ff85ee97f050ec5c0a7138c7007405963a\cucumber-picocontainer-4.8.0.jar;C:\Users\Admin\.gradle\caches\modules-2\files-2.1\io.cucumber\cucumber-core\4.8.0\b5ba16143a22f138759514924102dfd6d6b126f8\cucumber-core-4.8.0.jar;C:\Users\Admin\.gradle\caches\modules-2\files-2.1\com.aventstack\extentreports\4.1.3\5208248e6992ae6cfe9a1c56963a4b9673f782e2\extentreports-4.1.3.jar;C:\Users\Admin\.gradle\caches\modules-2\files-2.1\net.rcarz\jira-client\0.5\db37c2c309b8ee5ca5cea3371eb6e723c086c0ac\jira-client-0.5.jar;C:\Users\Admin\.gradle\caches\modules-2\files-2.1\org.seleniumhq.selenium\selenium-chrome-driver\4.3.0\4cafa6eb77395399406cf7f3a467ee307d025e52\selenium-chrome-driver-4.3.0.jar;C:\Users\Admin\.gradle\caches\modules-2\files-2.1\org.seleniumhq.selenium\selenium-devtools-v101\4.3.0\603378a72acde01d6dec7a5a840be2690ea63a1c\selenium-devtools-v101-4.3.0.jar;C:\Users\Admin\.gradle\caches\modules-2\files-2.1\org.seleniumhq.selenium\selenium-devtools-v102\4.3.0\88a379397a2f754e508ff732d63211a8421e8d67\selenium-devtools-v102-4.3.0.jar;C:\Users\Admin\.gradle\caches\modules-2\files-2.1\org.seleniumhq.selenium\selenium-devtools-v103\4.3.0\1cf0cc6d7b506c91920cee0fb054e8c725d83854\selenium-de
Launcher Type: SUN_STANDARD

[Global flags]
     intx CICompilerCount                          = 4                                         {product} {ergonomic}
     uint ConcGCThreads                            = 2                                         {product} {ergonomic}
     uint G1ConcRefinementThreads                  = 8                                         {product} {ergonomic}
   size_t G1HeapRegionSize                         = 1048576                                   {product} {ergonomic}
    uintx GCDrainStackTargetSize                   = 64                                        {product} {ergonomic}
   size_t InitialHeapSize                          = 132120576                                 {product} {ergonomic}
   size_t MarkStackSize                            = 4194304                                   {product} {ergonomic}
   size_t MaxHeapSize                              = 2097152000                                {product} {ergonomic}
   size_t MaxNewSize                               = 1258291200                                {product} {ergonomic}
   size_t MinHeapDeltaBytes                        = 1048576                                   {product} {ergonomic}
    uintx NonNMethodCodeHeapSize                   = 5836300                                {pd product} {ergonomic}
    uintx NonProfiledCodeHeapSize                  = 122910970                              {pd product} {ergonomic}
    uintx ProfiledCodeHeapSize                     = 122910970                              {pd product} {ergonomic}
    uintx ReservedCodeCacheSize                    = 251658240                              {pd product} {ergonomic}
     bool SegmentedCodeCache                       = true                                      {product} {ergonomic}
     bool UseCompressedClassPointers               = true                                 {lp64_product} {ergonomic}
     bool UseCompressedOops                        = true                                 {lp64_product} {ergonomic}
     bool UseG1GC                                  = true                                      {product} {ergonomic}
     bool UseLargePagesIndividualAllocation        = false                                  {pd product} {ergonomic}

Logging:
Log output configuration:
 #0: stdout all=warning uptime,level,tags
 #1: stderr all=off uptime,level,tags

Environment Variables:
JAVA_HOME=C:\Program Files\Java\jdk-12.0.2
PATH=C:\Windows\system32;C:\Windows;C:\Windows\System32\Wbem;C:\Windows\System32\WindowsPowerShell\v1.0\;C:\Windows\System32\OpenSSH\;C:\Gradle\gradle-7.4\bin;C:\Program Files\Java\jdk-12.0.2\bin;C:\Users\Admin\AppData\Local\Microsoft\WindowsApps;
USERNAME=Habitamu
OS=Windows_NT
PROCESSOR_IDENTIFIER=Intel64 Family 6 Model 142 Stepping 12, GenuineIntel



---------------  S Y S T E M  ---------------

OS: Windows 10 , 64 bit Build 22000 (10.0.22000.434)

CPU:total 8 (initial active 8) (4 cores per cpu, 2 threads per core) family 6 model 142 stepping 12, cmov, cx8, fxsr, mmx, sse, sse2, sse3, ssse3, sse4.1, sse4.2, popcnt, avx, avx2, aes, clmul, erms, 3dnowpref, lzcnt, ht, tsc, tscinvbit, bmi1, bmi2, adx, fma

Memory: 4k page, system-wide physical 7995M (521M free)
TotalPageFile size 10711M (AvailPageFile size 2M)
current process WorkingSet (physical memory assigned to process): 166M, peak: 180M
current process commit charge ("private bytes"): 246M, peak: 255M

vm_info: Java HotSpot(TM) 64-Bit Server VM (12.0.2+10) for windows-amd64 JRE (12.0.2+10), built on Jul 16 2019 01:56:17 by "mach5one" with MS VC++ 15.5 (VS2017)

END.
